1599927560877:gen
1599927958204:help
1599927961451:gen
1599928109398:regen
1599928113925:gen
1599928772765:regen
1599928775103:gen
1599929475899:regen
1599929478221:gen
1599930184415:regen
1599930186541:gen
1599931584795:regen
1599931586909:gen
1599997885619:regen
1599997887960:gen
1599997989650:regen
1599997991717:gen
1600501420153:generate
1600502620366:gnerate
1600502624494:generate
1601106805535:help
1601106808565:generate
1601717067624:regen
1601717070108:generate
1603008438759:regen
1603008442547:generate
1604829655851:regenerate
1604829666466:generate
1604907672427:regen
1604907676409:generate
1606291891247:regen
1606291895391:generate
1607976649974:regen
1607976653264:generate
1607978348458:regen
1607978352701:generate
1608982147304:regenerate
1608982150710:generate
1612167010232:regen
1612167013222:generate
1612171707419:regen
1612171709834:generate
1613553689996:genrate
1613553694921:generate
1613553930571:regenerate
1613553934951:generate
1615714494279:regenerate
1615714499412:generate
1628334582793:regen
1628334588488:help
1628334595681:generate
1629024625289:regen
1629024629502:generate
1629438007791:regenerate
1629438011083:generate
1637402341101:generater
1637402344865:generate
1645896194783:regen
1645896198296:generate
1648452674932:regen
1648452727826:generate
1651310268450:regen
1651310272309:generate
1659634984712:regen
1659635066168:generate
1661863666566:gneerate
1661863669143:generate
1661872021732:stacktrace
1661872070317:generate
1661886591119:generaye
1661886595168:generate
